resources/AndroidProject-master/build/app/intermediates/manifest_merge_blame_file/debug/manifest-merger-blame-debug-report.txt
1<?xml version="1.0" encoding="utf-8"?>
2<!-- 清单文件合并指引：https://developer.android.google.cn/studio/build/manifest-merge?hl=zh-cn -->
3<manifest xmlns:android="http://schemas.android.com/apk/res/android"
4    package="com.hjq.demo.debug"
5    android:versionCode="10"
6    android:versionName="1.0" >
7
8    <uses-sdk
9        android:minSdkVersion="21"
9-->src\main\AndroidManifest.xml
10        android:targetSdkVersion="30" />
10-->src\main\AndroidManifest.xml
11
12    <!-- 网络相关 -->
13    <uses-permission android:name="android.permission.ACCESS_NETWORK_STATE" />
13-->src\main\AndroidManifest.xml:8:5-79
13-->src\main\AndroidManifest.xml:8:22-76
14    <uses-permission android:name="android.permission.ACCESS_WIFI_STATE" />
14-->src\main\AndroidManifest.xml:9:5-76
14-->src\main\AndroidManifest.xml:9:22-73
15    <uses-permission android:name="android.permission.INTERNET" />
15-->src\main\AndroidManifest.xml:10:5-67
15-->src\main\AndroidManifest.xml:10:22-64
16
17    <!-- 外部存储 -->
18    <uses-permission android:name="android.permission.READ_EXTERNAL_STORAGE" />
18-->src\main\AndroidManifest.xml:13:5-80
18-->src\main\AndroidManifest.xml:13:22-77
19    <uses-permission android:name="android.permission.WRITE_EXTERNAL_STORAGE" />
19-->src\main\AndroidManifest.xml:14:5-110
19-->src\main\AndroidManifest.xml:14:22-78
20
21    <!-- 拍照权限 -->
22    <uses-permission android:name="android.permission.CAMERA" />
22-->src\main\AndroidManifest.xml:17:5-65
22-->src\main\AndroidManifest.xml:17:22-62
23
24    <!-- 安装权限 -->
25    <uses-permission android:name="android.permission.REQUEST_INSTALL_PACKAGES" />
25-->src\main\AndroidManifest.xml:20:5-83
25-->src\main\AndroidManifest.xml:20:22-80
26
27    <!-- 定位权限（用于 WebView 定位） -->
28    <uses-permission android:name="android.permission.ACCESS_FINE_LOCATION" />
28-->src\main\AndroidManifest.xml:23:5-79
28-->src\main\AndroidManifest.xml:23:22-76
29    <uses-permission android:name="android.permission.ACCESS_COARSE_LOCATION" />
29-->src\main\AndroidManifest.xml:24:5-81
29-->src\main\AndroidManifest.xml:24:22-78
30
31    <!-- Android 11 软件包可见性适配：https://www.jianshu.com/p/d1ccd425c4ce -->
32    <queries>
32-->src\main\AndroidManifest.xml:243:5-278:15
33
34        <!-- 拍照意图：MediaStore.ACTION_IMAGE_CAPTURE -->
35        <intent>
35-->src\main\AndroidManifest.xml:245:9-247:18
36            <action android:name="android.media.action.IMAGE_CAPTURE" />
36-->src\main\AndroidManifest.xml:246:13-73
36-->src\main\AndroidManifest.xml:246:21-70
37        </intent>
38
39        <!-- 拍摄意图：MediaStore.ACTION_VIDEO_CAPTURE -->
40        <intent>
40-->src\main\AndroidManifest.xml:250:9-252:18
41            <action android:name="android.media.action.VIDEO_CAPTURE" />
41-->src\main\AndroidManifest.xml:251:13-73
41-->src\main\AndroidManifest.xml:251:21-70
42        </intent>
43
44        <!-- 图片裁剪意图 -->
45        <intent>
45-->src\main\AndroidManifest.xml:255:9-257:18
46            <action android:name="com.android.camera.action.CROP" />
46-->src\main\AndroidManifest.xml:256:13-69
46-->src\main\AndroidManifest.xml:256:21-66
47        </intent>
48
49        <!-- 打电话意图：Intent.ACTION_DIAL -->
50        <intent>
50-->src\main\AndroidManifest.xml:260:9-262:18
51            <action android:name="android.intent.action.DIAL" />
51-->src\main\AndroidManifest.xml:261:13-65
51-->src\main\AndroidManifest.xml:261:21-62
52        </intent>
53
54        <!-- 调起分享意图：Intent.ACTION_SEND -->
55        <intent>
55-->src\main\AndroidManifest.xml:265:9-267:18
56            <action android:name="android.intent.action.SEND" />
56-->src\main\AndroidManifest.xml:266:13-65
56-->src\main\AndroidManifest.xml:266:21-62
57        </intent>
58
59        <!-- 调起其他页面意图：Intent.ACTION_VIEW -->
60        <intent>
60-->src\main\AndroidManifest.xml:270:9-272:18
61            <action android:name="android.intent.action.VIEW" />
61-->src\main\AndroidManifest.xml:271:13-65
61-->src\main\AndroidManifest.xml:271:21-62
62        </intent>
63
64        <!-- 调起系统文件选择器：Intent.ACTION_GET_CONTENT -->
65        <intent>
65-->src\main\AndroidManifest.xml:275:9-277:18
66            <action android:name="android.intent.action.GET_CONTENT" />
66-->src\main\AndroidManifest.xml:276:13-72
66-->src\main\AndroidManifest.xml:276:21-69
67        </intent>
68        <!-- 手机 QQ 的包名 -->
69        <package android:name="com.tencent.mobileqq" /> <!-- 微信的包名 -->
69-->[:library:umeng] AndroidManifest.xml:28:9-56
69-->[:library:umeng] AndroidManifest.xml:28:18-53
70        <package android:name="com.tencent.mm" />
70-->[:library:umeng] AndroidManifest.xml:30:9-50
70-->[:library:umeng] AndroidManifest.xml:30:18-47
71    </queries>
72
73    <!-- 友盟统计 -->
74    <uses-permission android:name="android.permission.READ_PHONE_STATE" /> <!-- To allow starting foreground services on Android P+ - https://developer.android.com/preview/behavior-changes#fg-svc -->
74-->[:library:umeng] AndroidManifest.xml:18:5-75
74-->[:library:umeng] AndroidManifest.xml:18:22-72
75    <uses-permission android:name="android.permission.FOREGROUND_SERVICE" /> <!-- Application 节点详解：https://developer.android.google.cn/guide/topics/manifest/application-element -->
75-->[com.squareup.leakcanary:leakcanary-android-core:2.7] AndroidManifest.xml:26:5-77
75-->[com.squareup.leakcanary:leakcanary-android-core:2.7] AndroidManifest.xml:26:22-74
76    <!-- Activity 节点详解：https://developer.android.google.cn/guide/topics/manifest/activity-element -->
77    <application
78        android:name="com.hjq.demo.app.AppApplication"
78-->src\main\AndroidManifest.xml:29:9-43
79        android:allowBackup="false"
79-->src\main\AndroidManifest.xml:30:9-36
80        android:appComponentFactory="androidx.core.app.CoreComponentFactory"
80-->[androidx.core:core:1.5.0] AndroidManifest.xml:24:18-86
81        android:debuggable="true"
82        android:icon="@mipmap/launcher_ic"
82-->src\main\AndroidManifest.xml:31:9-43
83        android:label="安卓技术中台 Debug 版"
83-->src\main\AndroidManifest.xml:32:9-36
84        android:networkSecurityConfig="@xml/network_security_config"
84-->src\main\AndroidManifest.xml:33:9-69
85        android:requestLegacyExternalStorage="true"
85-->src\main\AndroidManifest.xml:34:9-52
86        android:resizeableActivity="true"
86-->src\main\AndroidManifest.xml:35:9-42
87        android:roundIcon="@mipmap/launcher_ic"
87-->src\main\AndroidManifest.xml:36:9-48
88        android:supportsRtl="false"
88-->src\main\AndroidManifest.xml:37:9-36
89        android:testOnly="true"
90        android:theme="@style/AppTheme"
90-->src\main\AndroidManifest.xml:38:9-40
91        android:usesCleartextTraffic="true" >
91-->src\main\AndroidManifest.xml:39:9-44
92
93        <!-- 表示当前已经适配了分区存储 -->
94        <meta-data
94-->src\main\AndroidManifest.xml:45:9-47:36
95            android:name="ScopedStorage"
95-->src\main\AndroidManifest.xml:46:13-41
96            android:value="true" />
96-->src\main\AndroidManifest.xml:47:13-33
97
98        <!-- 适配 Android 7.0 文件意图 -->
99        <provider
100            android:name="androidx.core.content.FileProvider"
100-->src\main\AndroidManifest.xml:51:13-62
101            android:authorities="com.hjq.demo.debug.provider"
101-->src\main\AndroidManifest.xml:52:13-60
102            android:exported="false"
102-->src\main\AndroidManifest.xml:53:13-37
103            android:grantUriPermissions="true" >
103-->src\main\AndroidManifest.xml:54:13-47
104            <meta-data
104-->src\main\AndroidManifest.xml:56:13-58:54
105                android:name="android.support.FILE_PROVIDER_PATHS"
105-->src\main\AndroidManifest.xml:57:17-67
106                android:resource="@xml/file_paths" />
106-->src\main\AndroidManifest.xml:58:17-51
107        </provider>
108
109        <!-- 闪屏页 -->
110        <activity
110-->src\main\AndroidManifest.xml:62:9-76:20
111            android:name="com.hjq.demo.ui.activity.SplashActivity"
111-->src\main\AndroidManifest.xml:63:13-55
112            android:launchMode="singleTop"
112-->src\main\AndroidManifest.xml:64:13-43
113            android:screenOrientation="portrait"
113-->src\main\AndroidManifest.xml:65:13-49
114            android:theme="@style/SplashTheme" >
114-->src\main\AndroidManifest.xml:66:13-47
115
116            <!-- 程序入口 -->
117            <intent-filter>
117-->src\main\AndroidManifest.xml:69:13-74:29
118                <action android:name="android.intent.action.MAIN" />
118-->src\main\AndroidManifest.xml:70:17-69
118-->src\main\AndroidManifest.xml:70:25-66
119                <action android:name="android.intent.action.VIEW" />
119-->src\main\AndroidManifest.xml:271:13-65
119-->src\main\AndroidManifest.xml:271:21-62
120
121                <category android:name="android.intent.category.LAUNCHER" />
121-->src\main\AndroidManifest.xml:73:17-77
121-->src\main\AndroidManifest.xml:73:27-74
122            </intent-filter>
123        </activity>
124
125        <!-- 引导页 -->
126        <activity
126-->src\main\AndroidManifest.xml:79:9-82:52
127            android:name="com.hjq.demo.ui.activity.GuideActivity"
127-->src\main\AndroidManifest.xml:80:13-54
128            android:launchMode="singleTop"
128-->src\main\AndroidManifest.xml:81:13-43
129            android:screenOrientation="portrait" />
129-->src\main\AndroidManifest.xml:82:13-49
130
131        <!-- 首页 -->
132        <activity
132-->src\main\AndroidManifest.xml:85:9-89:55
133            android:name="com.hjq.demo.ui.activity.HomeActivity"
133-->src\main\AndroidManifest.xml:86:13-53
134            android:launchMode="singleTask"
134-->src\main\AndroidManifest.xml:87:13-44
135            android:screenOrientation="portrait"
135-->src\main\AndroidManifest.xml:88:13-49
136            android:windowSoftInputMode="adjustPan" />
136-->src\main\AndroidManifest.xml:89:13-52
137
138        <!-- 登录页 -->
139        <activity
139-->src\main\AndroidManifest.xml:92:9-96:57
140            android:name="com.hjq.demo.ui.activity.LoginActivity"
140-->src\main\AndroidManifest.xml:93:13-54
141            android:launchMode="singleTop"
141-->src\main\AndroidManifest.xml:94:13-43
142            android:screenOrientation="portrait"
142-->src\main\AndroidManifest.xml:95:13-49
143            android:windowSoftInputMode="stateHidden" />
143-->src\main\AndroidManifest.xml:96:13-54
144
145        <!-- 注册页 -->
146        <activity
146-->src\main\AndroidManifest.xml:99:9-103:57
147            android:name="com.hjq.demo.ui.activity.RegisterActivity"
147-->src\main\AndroidManifest.xml:100:13-57
148            android:launchMode="singleTop"
148-->src\main\AndroidManifest.xml:101:13-43
149            android:screenOrientation="portrait"
149-->src\main\AndroidManifest.xml:102:13-49
150            android:windowSoftInputMode="stateHidden" />
150-->src\main\AndroidManifest.xml:103:13-54
151
152        <!-- 崩溃展示（必须在独立进程） -->
153        <activity
153-->src\main\AndroidManifest.xml:106:9-110:53
154            android:name="com.hjq.demo.ui.activity.CrashActivity"
154-->src\main\AndroidManifest.xml:107:13-54
155            android:launchMode="singleTop"
155-->src\main\AndroidManifest.xml:108:13-43
156            android:process=":crash"
156-->src\main\AndroidManifest.xml:109:13-37
157            android:screenOrientation="landscape" />
157-->src\main\AndroidManifest.xml:110:13-50
158
159        <!-- 重启应用（必须在独立进程） -->
160        <activity
160-->src\main\AndroidManifest.xml:113:9-116:42
161            android:name="com.hjq.demo.ui.activity.RestartActivity"
161-->src\main\AndroidManifest.xml:114:13-56
162            android:launchMode="singleTop"
162-->src\main\AndroidManifest.xml:115:13-43
163            android:process=":restart" />
163-->src\main\AndroidManifest.xml:116:13-39
164
165        <!-- 设置页 -->
166        <activity
166-->src\main\AndroidManifest.xml:119:9-123:52
167            android:name="com.hjq.demo.ui.activity.SettingActivity"
167-->src\main\AndroidManifest.xml:120:13-56
168            android:label="@string/setting_title"
168-->src\main\AndroidManifest.xml:121:13-50
169            android:launchMode="singleTop"
169-->src\main\AndroidManifest.xml:122:13-43
170            android:screenOrientation="portrait" />
170-->src\main\AndroidManifest.xml:123:13-49
171
172        <!-- 忘记密码 -->
173        <activity
173-->src\main\AndroidManifest.xml:126:9-131:57
174            android:name="com.hjq.demo.ui.activity.PasswordForgetActivity"
174-->src\main\AndroidManifest.xml:127:13-63
175            android:label="@string/password_forget_title"
175-->src\main\AndroidManifest.xml:128:13-58
176            android:launchMode="singleTop"
176-->src\main\AndroidManifest.xml:129:13-43
177            android:screenOrientation="portrait"
177-->src\main\AndroidManifest.xml:130:13-49
178            android:windowSoftInputMode="stateHidden" />
178-->src\main\AndroidManifest.xml:131:13-54
179
180        <!-- 重置密码 -->
181        <activity
181-->src\main\AndroidManifest.xml:134:9-139:57
182            android:name="com.hjq.demo.ui.activity.PasswordResetActivity"
182-->src\main\AndroidManifest.xml:135:13-62
183            android:label="@string/password_reset_title"
183-->src\main\AndroidManifest.xml:136:13-57
184            android:launchMode="singleTop"
184-->src\main\AndroidManifest.xml:137:13-43
185            android:screenOrientation="portrait"
185-->src\main\AndroidManifest.xml:138:13-49
186            android:windowSoftInputMode="stateHidden" />
186-->src\main\AndroidManifest.xml:139:13-54
187
188        <!-- 更换手机 -->
189        <activity
189-->src\main\AndroidManifest.xml:142:9-147:57
190            android:name="com.hjq.demo.ui.activity.PhoneResetActivity"
190-->src\main\AndroidManifest.xml:143:13-59
191            android:label="@string/phone_reset_title"
191-->src\main\AndroidManifest.xml:144:13-54
192            android:launchMode="singleTop"
192-->src\main\AndroidManifest.xml:145:13-43
193            android:screenOrientation="portrait"
193-->src\main\AndroidManifest.xml:146:13-49
194            android:windowSoftInputMode="stateHidden" />
194-->src\main\AndroidManifest.xml:147:13-54
195
196        <!-- 关于我们 -->
197        <activity
197-->src\main\AndroidManifest.xml:150:9-154:52
198            android:name="com.hjq.demo.ui.activity.AboutActivity"
198-->src\main\AndroidManifest.xml:151:13-54
199            android:label="@string/about_title"
199-->src\main\AndroidManifest.xml:152:13-48
200            android:launchMode="singleTop"
200-->src\main\AndroidManifest.xml:153:13-43
201            android:screenOrientation="portrait" />
201-->src\main\AndroidManifest.xml:154:13-49
202
203        <!-- 个人资料 -->
204        <activity
204-->src\main\AndroidManifest.xml:157:9-161:52
205            android:name="com.hjq.demo.ui.activity.PersonalDataActivity"
205-->src\main\AndroidManifest.xml:158:13-61
206            android:label="@string/personal_data_title"
206-->src\main\AndroidManifest.xml:159:13-56
207            android:launchMode="singleTop"
207-->src\main\AndroidManifest.xml:160:13-43
208            android:screenOrientation="portrait" />
208-->src\main\AndroidManifest.xml:161:13-49
209
210        <!-- 网页浏览 -->
211        <activity
211-->src\main\AndroidManifest.xml:164:9-168:52
212            android:name="com.hjq.demo.ui.activity.BrowserActivity"
212-->src\main\AndroidManifest.xml:165:13-56
213            android:label="@string/web_title"
213-->src\main\AndroidManifest.xml:166:13-46
214            android:launchMode="singleTop"
214-->src\main\AndroidManifest.xml:167:13-43
215            android:screenOrientation="portrait" />
215-->src\main\AndroidManifest.xml:168:13-49
216
217        <!-- 拍照选择 -->
218        <activity
218-->src\main\AndroidManifest.xml:171:9-174:52
219            android:name="com.hjq.demo.ui.activity.CameraActivity"
219-->src\main\AndroidManifest.xml:172:13-55
220            android:launchMode="singleTop"
220-->src\main\AndroidManifest.xml:173:13-43
221            android:screenOrientation="portrait" />
221-->src\main\AndroidManifest.xml:174:13-49
222
223        <!-- 图片裁剪 -->
224        <activity
224-->src\main\AndroidManifest.xml:177:9-180:52
225            android:name="com.hjq.demo.ui.activity.ImageCropActivity"
225-->src\main\AndroidManifest.xml:178:13-58
226            android:launchMode="singleTop"
226-->src\main\AndroidManifest.xml:179:13-43
227            android:screenOrientation="portrait" />
227-->src\main\AndroidManifest.xml:180:13-49
228
229        <!-- 图片选择 -->
230        <activity
230-->src\main\AndroidManifest.xml:183:9-187:52
231            android:name="com.hjq.demo.ui.activity.ImageSelectActivity"
231-->src\main\AndroidManifest.xml:184:13-60
232            android:label="@string/image_select_title"
232-->src\main\AndroidManifest.xml:185:13-55
233            android:launchMode="singleTop"
233-->src\main\AndroidManifest.xml:186:13-43
234            android:screenOrientation="portrait" />
234-->src\main\AndroidManifest.xml:187:13-49
235
236        <!-- 查看大图 -->
237        <activity
237-->src\main\AndroidManifest.xml:190:9-193:52
238            android:name="com.hjq.demo.ui.activity.ImagePreviewActivity"
238-->src\main\AndroidManifest.xml:191:13-61
239            android:launchMode="singleTop"
239-->src\main\AndroidManifest.xml:192:13-43
240            android:screenOrientation="portrait" />
240-->src\main\AndroidManifest.xml:193:13-49
241
242        <!-- 播放视频（自适应方向） -->
243        <activity
243-->src\main\AndroidManifest.xml:196:9-199:54
244            android:name="com.hjq.demo.ui.activity.VideoPlayActivity"
244-->src\main\AndroidManifest.xml:197:13-58
245            android:launchMode="singleTop"
245-->src\main\AndroidManifest.xml:198:13-43
246            android:theme="@style/FullScreenTheme" />
246-->src\main\AndroidManifest.xml:199:13-51
247
248        <!-- 播放视频（竖屏方向） -->
249        <activity
249-->src\main\AndroidManifest.xml:202:9-206:54
250            android:name="com.hjq.demo.ui.activity.VideoPlayActivity$Portrait"
250-->src\main\AndroidManifest.xml:203:13-67
251            android:launchMode="singleTop"
251-->src\main\AndroidManifest.xml:204:13-43
252            android:screenOrientation="portrait"
252-->src\main\AndroidManifest.xml:205:13-49
253            android:theme="@style/FullScreenTheme" />
253-->src\main\AndroidManifest.xml:206:13-51
254
255        <!-- 播放视频（横屏方向） -->
256        <activity
256-->src\main\AndroidManifest.xml:209:9-213:54
257            android:name="com.hjq.demo.ui.activity.VideoPlayActivity$Landscape"
257-->src\main\AndroidManifest.xml:210:13-68
258            android:launchMode="singleTop"
258-->src\main\AndroidManifest.xml:211:13-43
259            android:screenOrientation="landscape"
259-->src\main\AndroidManifest.xml:212:13-50
260            android:theme="@style/FullScreenTheme" />
260-->src\main\AndroidManifest.xml:213:13-51
261
262        <!-- 选择视频 -->
263        <activity
263-->src\main\AndroidManifest.xml:216:9-219:52
264            android:name="com.hjq.demo.ui.activity.VideoSelectActivity"
264-->src\main\AndroidManifest.xml:217:13-60
265            android:launchMode="singleTop"
265-->src\main\AndroidManifest.xml:218:13-43
266            android:screenOrientation="portrait" />
266-->src\main\AndroidManifest.xml:219:13-49
267
268        <!-- 对话框案例 -->
269        <activity
269-->src\main\AndroidManifest.xml:222:9-225:52
270            android:name="com.hjq.demo.ui.activity.DialogActivity"
270-->src\main\AndroidManifest.xml:223:13-55
271            android:launchMode="singleTop"
271-->src\main\AndroidManifest.xml:224:13-43
272            android:screenOrientation="portrait" />
272-->src\main\AndroidManifest.xml:225:13-49
273
274        <!-- 状态案例 -->
275        <activity
275-->src\main\AndroidManifest.xml:228:9-231:52
276            android:name="com.hjq.demo.ui.activity.StatusActivity"
276-->src\main\AndroidManifest.xml:229:13-55
277            android:launchMode="singleTop"
277-->src\main\AndroidManifest.xml:230:13-43
278            android:screenOrientation="portrait" />
278-->src\main\AndroidManifest.xml:231:13-49
279
280        <!-- 微信回调（请注意这个 Activity 放置的包名要和当前项目的包名保持一致，否则将不能正常回调） -->
281        <activity
281-->src\main\AndroidManifest.xml:234:9-238:75
282            android:name="com.hjq.demo.wxapi.WXEntryActivity"
282-->src\main\AndroidManifest.xml:235:13-50
283            android:configChanges="keyboardHidden|orientation|screenSize"
283-->src\main\AndroidManifest.xml:236:13-74
284            android:exported="true"
284-->src\main\AndroidManifest.xml:237:13-36
285            android:theme="@android:style/Theme.Translucent.NoTitleBar" />
285-->src\main\AndroidManifest.xml:238:13-72
286
287        <service
287-->[com.squareup.leakcanary:leakcanary-android:2.7] AndroidManifest.xml:23:9-25:40
288            android:name="leakcanary.internal.HeapAnalyzerService"
288-->[com.squareup.leakcanary:leakcanary-android:2.7] AndroidManifest.xml:24:13-67
289            android:exported="false" /> <!-- 友盟 Key（请在 Gradle 中配置，请不要在此处修改） -->
289-->[com.squareup.leakcanary:leakcanary-android:2.7] AndroidManifest.xml:25:13-37
290        <meta-data
290-->[:library:umeng] AndroidManifest.xml:36:9-38:56
291            android:name="UM_KEY"
291-->[:library:umeng] AndroidManifest.xml:37:13-34
292            android:value="5cb16d93570df399fd0014e2" /> <!-- QQ AppId（请在 Gradle 中配置，请不要在此处修改） -->
292-->[:library:umeng] AndroidManifest.xml:38:13-53
293        <meta-data
293-->[:library:umeng] AndroidManifest.xml:41:9-43:41
294            android:name="QQ_ID"
294-->[:library:umeng] AndroidManifest.xml:42:13-33
295            android:value="101828096" /> <!-- QQ Secret（请在 Gradle 中配置，请不要在此处修改） -->
295-->[:library:umeng] AndroidManifest.xml:43:13-38
296        <meta-data
296-->[:library:umeng] AndroidManifest.xml:45:9-47:64
297            android:name="QQ_SECRET"
297-->[:library:umeng] AndroidManifest.xml:46:13-37
298            android:value="9dfd3300c3aa3c4596a07796c64914b2" /> <!-- 微信 AppId（请在 Gradle 中配置，请不要在此处修改） -->
298-->[:library:umeng] AndroidManifest.xml:47:13-61
299        <meta-data
299-->[:library:umeng] AndroidManifest.xml:50:9-52:50
300            android:name="WX_ID"
300-->[:library:umeng] AndroidManifest.xml:51:13-33
301            android:value="wxd35706cc9f46114c" /> <!-- 微信 Secret（请在 Gradle 中配置，请不要在此处修改） -->
301-->[:library:umeng] AndroidManifest.xml:52:13-47
302        <meta-data
302-->[:library:umeng] AndroidManifest.xml:54:9-56:64
303            android:name="WX_SECRET"
303-->[:library:umeng] AndroidManifest.xml:55:13-37
304            android:value="0c8c7cf831dd135a32b3e395ea459b5a" /> <!-- 友盟社会化 -->
304-->[:library:umeng] AndroidManifest.xml:56:13-61
305        <!-- QQ 回调 -->
306        <activity
306-->[:library:umeng] AndroidManifest.xml:62:9-75:20
307            android:name="com.tencent.tauth.AuthActivity"
307-->[:library:umeng] AndroidManifest.xml:63:13-58
308            android:launchMode="singleTask"
308-->[:library:umeng] AndroidManifest.xml:64:13-44
309            android:noHistory="true" >
309-->[:library:umeng] AndroidManifest.xml:65:13-37
310            <intent-filter>
310-->[:library:umeng] AndroidManifest.xml:67:13-74:29
311                <action android:name="android.intent.action.VIEW" />
311-->src\main\AndroidManifest.xml:271:13-65
311-->src\main\AndroidManifest.xml:271:21-62
312
313                <category android:name="android.intent.category.DEFAULT" />
313-->[:library:umeng] AndroidManifest.xml:70:17-76
313-->[:library:umeng] AndroidManifest.xml:70:27-73
314                <category android:name="android.intent.category.BROWSABLE" />
314-->[:library:umeng] AndroidManifest.xml:71:17-78
314-->[:library:umeng] AndroidManifest.xml:71:27-75
315
316                <data android:scheme="tencent101828096" />
316-->[:library:umeng] AndroidManifest.xml:73:17-59
316-->[:library:umeng] AndroidManifest.xml:73:23-56
317            </intent-filter>
318        </activity>
319        <activity
319-->[:library:umeng] AndroidManifest.xml:76:9-80:36
320            android:name="com.tencent.connect.common.AssistActivity"
320-->[:library:umeng] AndroidManifest.xml:77:13-69
321            android:configChanges="orientation|keyboardHidden"
321-->[:library:umeng] AndroidManifest.xml:78:13-63
322            android:theme="@android:style/Theme.Translucent.NoTitleBar" />
322-->[:library:umeng] AndroidManifest.xml:79:13-72
323
324        <provider
324-->[com.squareup.leakcanary:leakcanary-android-core:2.7] AndroidManifest.xml:29:9-37:20
325            android:name="leakcanary.internal.LeakCanaryFileProvider"
325-->[com.squareup.leakcanary:leakcanary-android-core:2.7] AndroidManifest.xml:30:13-70
326            android:authorities="com.squareup.leakcanary.fileprovider.com.hjq.demo.debug"
326-->[com.squareup.leakcanary:leakcanary-android-core:2.7] AndroidManifest.xml:31:13-88
327            android:exported="false"
327-->[com.squareup.leakcanary:leakcanary-android-core:2.7] AndroidManifest.xml:32:13-37
328            android:grantUriPermissions="true" >
328-->[com.squareup.leakcanary:leakcanary-android-core:2.7] AndroidManifest.xml:33:13-47
329            <meta-data
329-->src\main\AndroidManifest.xml:56:13-58:54
330                android:name="android.support.FILE_PROVIDER_PATHS"
330-->src\main\AndroidManifest.xml:57:17-67
331                android:resource="@xml/leak_canary_file_paths" />
331-->src\main\AndroidManifest.xml:58:17-51
332        </provider>
333
334        <activity
334-->[com.squareup.leakcanary:leakcanary-android-core:2.7] AndroidManifest.xml:39:9-44:66
335            android:name="leakcanary.internal.activity.LeakActivity"
335-->[com.squareup.leakcanary:leakcanary-android-core:2.7] AndroidManifest.xml:40:13-69
336            android:icon="@mipmap/leak_canary_icon"
336-->[com.squareup.leakcanary:leakcanary-android-core:2.7] AndroidManifest.xml:41:13-52
337            android:label="@string/leak_canary_display_activity_label"
337-->[com.squareup.leakcanary:leakcanary-android-core:2.7] AndroidManifest.xml:42:13-71
338            android:taskAffinity="com.squareup.leakcanary.com.hjq.demo.debug"
338-->[com.squareup.leakcanary:leakcanary-android-core:2.7] AndroidManifest.xml:43:13-76
339            android:theme="@style/leak_canary_LeakCanary.Base" />
339-->[com.squareup.leakcanary:leakcanary-android-core:2.7] AndroidManifest.xml:44:13-63
340
341        <activity-alias
341-->[com.squareup.leakcanary:leakcanary-android-core:2.7] AndroidManifest.xml:46:9-63:26
342            android:name="leakcanary.internal.activity.LeakLauncherActivity"
342-->[com.squareup.leakcanary:leakcanary-android-core:2.7] AndroidManifest.xml:47:13-77
343            android:banner="@drawable/leak_canary_tv_icon"
343-->[com.squareup.leakcanary:leakcanary-android-core:2.7] AndroidManifest.xml:48:13-59
344            android:enabled="@bool/leak_canary_add_launcher_icon"
344-->[com.squareup.leakcanary:leakcanary-android-core:2.7] AndroidManifest.xml:49:13-66
345            android:exported="true"
345-->[com.squareup.leakcanary:leakcanary-android-core:2.7] AndroidManifest.xml:50:13-36
346            android:icon="@mipmap/leak_canary_icon"
346-->[com.squareup.leakcanary:leakcanary-android-core:2.7] AndroidManifest.xml:51:13-52
347            android:label="@string/leak_canary_display_activity_label"
347-->[com.squareup.leakcanary:leakcanary-android-core:2.7] AndroidManifest.xml:52:13-71
348            android:targetActivity="leakcanary.internal.activity.LeakActivity"
348-->[com.squareup.leakcanary:leakcanary-android-core:2.7] AndroidManifest.xml:53:13-79
349            android:taskAffinity="com.squareup.leakcanary.com.hjq.demo.debug"
349-->[com.squareup.leakcanary:leakcanary-android-core:2.7] AndroidManifest.xml:54:13-76
350            android:theme="@style/leak_canary_LeakCanary.Base" >
350-->[com.squareup.leakcanary:leakcanary-android-core:2.7] AndroidManifest.xml:55:13-63
351            <intent-filter>
351-->[com.squareup.leakcanary:leakcanary-android-core:2.7] AndroidManifest.xml:56:13-62:29
352                <action android:name="android.intent.action.MAIN" />
352-->src\main\AndroidManifest.xml:70:17-69
352-->src\main\AndroidManifest.xml:70:25-66
353
354                <category android:name="android.intent.category.LAUNCHER" />
354-->src\main\AndroidManifest.xml:73:17-77
354-->src\main\AndroidManifest.xml:73:27-74
355                <!-- Android TV launcher intent -->
356                <category android:name="android.intent.category.LEANBACK_LAUNCHER" />
356-->[com.squareup.leakcanary:leakcanary-android-core:2.7] AndroidManifest.xml:61:17-86
356-->[com.squareup.leakcanary:leakcanary-android-core:2.7] AndroidManifest.xml:61:27-83
357            </intent-filter>
358        </activity-alias>
359
360        <activity
360-->[com.squareup.leakcanary:leakcanary-android-core:2.7] AndroidManifest.xml:65:9-71:68
361            android:name="leakcanary.internal.RequestStoragePermissionActivity"
361-->[com.squareup.leakcanary:leakcanary-android-core:2.7] AndroidManifest.xml:66:13-80
362            android:excludeFromRecents="true"
362-->[com.squareup.leakcanary:leakcanary-android-core:2.7] AndroidManifest.xml:67:13-46
363            android:icon="@mipmap/leak_canary_icon"
363-->[com.squareup.leakcanary:leakcanary-android-core:2.7] AndroidManifest.xml:68:13-52
364            android:label="@string/leak_canary_storage_permission_activity_label"
364-->[com.squareup.leakcanary:leakcanary-android-core:2.7] AndroidManifest.xml:69:13-82
365            android:taskAffinity="com.squareup.leakcanary.com.hjq.demo.debug"
365-->[com.squareup.leakcanary:leakcanary-android-core:2.7] AndroidManifest.xml:70:13-76
366            android:theme="@style/leak_canary_Theme.Transparent" />
366-->[com.squareup.leakcanary:leakcanary-android-core:2.7] AndroidManifest.xml:71:13-65
367
368        <receiver android:name="leakcanary.internal.NotificationReceiver" />
368-->[com.squareup.leakcanary:leakcanary-android-core:2.7] AndroidManifest.xml:73:9-77
368-->[com.squareup.leakcanary:leakcanary-android-core:2.7] AndroidManifest.xml:73:19-74
369
370        <provider
370-->[com.squareup.leakcanary:leakcanary-object-watcher-android:2.7] AndroidManifest.xml:8:9-12:40